<?xml version="1.0" encoding="UTF-8"?>
<testsuite name="com.nyt.spellingbee.SpellingBeeApplicationTests" tests="1" skipped="0" failures="0" errors="0" timestamp="2023-08-11T20:55:05" hostname="Theos-MacBook-Pro.local" time="0.509">
  <properties/>
  <testcase name="contextLoads()" classname="com.nyt.spellingbee.SpellingBeeApplicationTests" time="0.509"/>
  <system-out><![CDATA[13:55:04.868 [Test worker] INFO org.springframework.test.context.support.AnnotationConfigContextLoaderUtils -- Could not detect default configuration classes for test class [com.nyt.spellingbee.SpellingBeeApplicationTests]: SpellingBeeApplicationTests does not declare any static, non-private, non-final, nested classes annotated with @Configuration.
13:55:04.907 [Test worker] INFO org.springframework.boot.test.context.SpringBootTestContextBootstrapper -- Found @SpringBootConfiguration com.nyt.spellingbee.SpellingBeeApplication for test class com.nyt.spellingbee.SpellingBeeApplicationTests

  .   ____          _            __ _ _
 /\\ / ___'_ __ _ _(_)_ __  __ _ \ \ \ \
( ( )\___ | '_ | '_| | '_ \/ _` | \ \ \ \
 \\/  ___)| |_)| | | | | || (_| |  ) ) ) )
  '  |____| .__|_| |_|_| |_\__, | / / / /
 =========|_|==============|___/=/_/_/_/
 :: Spring Boot ::                (v3.1.2)

2023-08-11T13:55:05.035-07:00  INFO 21006 --- [    Test worker] c.n.s.SpellingBeeApplicationTests        : Starting SpellingBeeApplicationTests using Java 18.0.1.1 with PID 21006 (started by theonovak in /Users/theonovak/Desktop/Dev/nyt-spelling-bee-upgrade/spelling-bee)
2023-08-11T13:55:05.036-07:00  INFO 21006 --- [    Test worker] c.n.s.SpellingBeeApplicationTests        : No active profile set, falling back to 1 default profile: "default"
2023-08-11T13:55:05.203-07:00  INFO 21006 --- [    Test worker] c.n.s.SpellingBeeApplicationTests        : Started SpellingBeeApplicationTests in 0.246 seconds (process running for 0.763)
]]></system-out>
  <system-err><![CDATA[]]></system-err>
</testsuite>
